<?xml version="1.0" encoding="UTF-8"?>
<!-- Generated by org.testng.reporters.JUnitXMLReporter -->
<testsuite hostname="Srinivas-PC" name="Default test" tests="5" failures="0" timestamp="11 Jul 2020 06:33:42 GMT" time="12.171" errors="0">
  <testcase name="test_getAllVideoDB" time="3.585" classname="testCases.TC1_VideoGameAPI"/>
  <testcase name="test_addNewVideoGame" time="1.083" classname="testCases.TC1_VideoGameAPI"/>
  <testcase name="test_getNewVideo" time="7.195" classname="testCases.TC1_VideoGameAPI"/>
  <testcase name="test_modityVideoGame" time="0.197" classname="testCases.TC1_VideoGameAPI"/>
  <testcase name="test_deleteVideoGame" time="0.068" classname="testCases.TC1_VideoGameAPI"/>
</testsuite> <!-- Default test -->
