<?xml version="1.0" encoding="UTF-8"?>
<!-- Generated by org.testng.reporters.JUnitXMLReporter -->
<testsuite hostname="Srinivas-PC" name="Test" tests="5" failures="0" timestamp="11 Jul 2020 07:33:00 GMT" time="5.827" errors="0">
  <testcase name="test_getAllVideoDB" time="3.935" classname="testCases.TC1_VideoGameAPI"/>
  <testcase name="test_addNewVideoGame" time="0.615" classname="testCases.TC1_VideoGameAPI"/>
  <testcase name="test_getNewVideo" time="1.086" classname="testCases.TC1_VideoGameAPI"/>
  <testcase name="test_modityVideoGame" time="0.094" classname="testCases.TC1_VideoGameAPI"/>
  <testcase name="test_deleteVideoGame" time="0.059" classname="testCases.TC1_VideoGameAPI"/>
</testsuite> <!-- Test -->
